<?xml version="1.0" encoding="UTF-8"?>
<!-- Generated by org.testng.reporters.JUnitReportReporter -->
<testsuite skipped="0" hostname="EPBYMINW2707" name="SumDoubleTest" tests="1" failures="0" timestamp="15 Jan 2018 07:48:29 GMT" time="0.001" errors="0">
  <testcase name="sumDTest" time="0.001" classname="SumDoubleTest"/>
</testsuite> <!-- SumDoubleTest -->
