<?xml version="1.0" encoding="UTF-8"?>
<!-- Generated by org.testng.reporters.JUnitReportReporter -->
<testsuite skipped="0" hostname="EPBYMINW2707" name="SubtractionDoubleTest" tests="1" failures="0" timestamp="15 Jan 2018 07:48:29 GMT" time="0.003" errors="0">
  <testcase name="subDTest" time="0.003" classname="SubtractionDoubleTest"/>
</testsuite> <!-- SubtractionDoubleTest -->
